<?xml version="1.0" encoding="UTF-8"?>
<!-- Generated by org.testng.reporters.JUnitXMLReporter -->
<testsuite hostname="SANTOSH-PC" name="Test" tests="9" failures="0" timestamp="21 Jul 2020 11:39:11 GMT" time="15.526" errors="0">
  <testcase name="test" time="5.267" classname="testscripts.TC002_POST_RegisterUnsuccess"/>
  <testcase name="test" time="1.161" classname="testscripts.TC003_PUT_UpdateDetails"/>
  <testcase name="test" time="1.043" classname="testscripts.TC002_POST"/>
  <testcase name="test" time="0.965" classname="testscripts.TC004_DELETE"/>
  <testcase name="test" time="0.705" classname="testscripts.TC001_GET_Singleuser"/>
  <testcase name="test" time="1.077" classname="testscripts.TC001_GET_UserNotFound"/>
  <testcase name="test" time="0.985" classname="testscripts.TC001_GET_ListUsers"/>
  <testcase name="test" time="0.937" classname="testscripts.TC002_POST_RegisterSuccess"/>
  <testcase name="test" time="3.343" classname="testscripts.TC001_GET"/>
</testsuite> <!-- Test -->
