<?xml version="1.0" encoding="UTF-8"?>
<!-- Generated by org.testng.reporters.JUnitXMLReporter -->
<testsuite hostname="SANTOSH-PC" name="Test" tests="8" failures="0" timestamp="27 Jul 2020 06:23:37 GMT" time="13.666" errors="0">
  <testcase name="test" time="5.219" classname="testscripts.TC002_POST_RegisterUnsuccess"/>
  <testcase name="test" time="0.973" classname="testscripts.TC001_GET_UserNotFound"/>
  <testcase name="test" time="0.882" classname="testscripts.TC003_PUT_UpdateDetails"/>
  <testcase name="test" time="0.982" classname="testscripts.TC001_GET_ListUsers"/>
  <testcase name="test" time="1.015" classname="testscripts.TC002_POST"/>
  <testcase name="test" time="1.246" classname="testscripts.TC002_POST_RegisterSuccess"/>
  <testcase name="test" time="0.956" classname="testscripts.TC004_DELETE"/>
  <testcase name="test" time="2.343" classname="testscripts.TC001_GET"/>
</testsuite> <!-- Test -->
