<?xml version="1.0" encoding="UTF-8"?>
<testng-results skipped="0" failed="0" total="9" passed="9">
  <reporter-output>
  </reporter-output>
  <suite name="Suite" duration-ms="15526" started-at="2020-07-21T11:38:56Z" finished-at="2020-07-21T11:39:11Z">
    <groups>
    </groups>
    <test name="Test" duration-ms="15526" started-at="2020-07-21T11:38:56Z" finished-at="2020-07-21T11:39:11Z">
      <class name="testscripts.TC002_POST_RegisterSuccess">
        <test-method status="PASS" signature="test()[pri:0, instance:testscripts.TC002_POST_RegisterSuccess@c0edeb]" name="test" duration-ms="937" started-at="2020-07-21T17:09:07Z" finished-at="2020-07-21T17:09:08Z">
          <reporter-output>
          </reporter-output>
        </test-method> <!-- test -->
      </class> <!-- testscripts.TC002_POST_RegisterSuccess -->
      <class name="testscripts.TC001_GET_UserNotFound">
        <test-method status="PASS" signature="test()[pri:0, instance:testscripts.TC001_GET_UserNotFound@4edc67]" name="test" duration-ms="1077" started-at="2020-07-21T17:09:05Z" finished-at="2020-07-21T17:09:06Z">
          <reporter-output>
          </reporter-output>
        </test-method> <!-- test -->
      </class> <!-- testscripts.TC001_GET_UserNotFound -->
      <class name="testscripts.TC001_GET_Singleuser">
        <test-method status="PASS" signature="test()[pri:0, instance:testscripts.TC001_GET_Singleuser@70fda8]" name="test" duration-ms="705" started-at="2020-07-21T17:09:04Z" finished-at="2020-07-21T17:09:05Z">
          <reporter-output>
          </reporter-output>
        </test-method> <!-- test -->
      </class> <!-- testscripts.TC001_GET_Singleuser -->
      <class name="testscripts.TC002_POST_RegisterUnsuccess">
        <test-method status="PASS" signature="test()[pri:0, instance:testscripts.TC002_POST_RegisterUnsuccess@18355a8]" name="test" duration-ms="5267" started-at="2020-07-21T17:08:56Z" finished-at="2020-07-21T17:09:01Z">
          <reporter-output>
          </reporter-output>
        </test-method> <!-- test -->
      </class> <!-- testscripts.TC002_POST_RegisterUnsuccess -->
      <class name="testscripts.TC001_GET">
        <test-method status="PASS" signature="test()[pri:0, instance:testscripts.TC001_GET@d56d67]" name="test" duration-ms="3343" started-at="2020-07-21T17:09:08Z" finished-at="2020-07-21T17:09:11Z">
          <reporter-output>
          </reporter-output>
        </test-method> <!-- test -->
      </class> <!-- testscripts.TC001_GET -->
      <class name="testscripts.TC004_DELETE">
        <test-method status="PASS" signature="test()[pri:0, instance:testscripts.TC004_DELETE@d25987]" name="test" duration-ms="965" started-at="2020-07-21T17:09:03Z" finished-at="2020-07-21T17:09:04Z">
          <reporter-output>
          </reporter-output>
        </test-method> <!-- test -->
      </class> <!-- testscripts.TC004_DELETE -->
      <class name="testscripts.TC001_GET_ListUsers">
        <test-method status="PASS" signature="test()[pri:0, instance:testscripts.TC001_GET_ListUsers@acaea5]" name="test" duration-ms="985" started-at="2020-07-21T17:09:06Z" finished-at="2020-07-21T17:09:07Z">
          <reporter-output>
          </reporter-output>
        </test-method> <!-- test -->
      </class> <!-- testscripts.TC001_GET_ListUsers -->
      <class name="testscripts.TC003_PUT_UpdateDetails">
        <test-method status="PASS" signature="test()[pri:0, instance:testscripts.TC003_PUT_UpdateDetails@101b7af]" name="test" duration-ms="1161" started-at="2020-07-21T17:09:01Z" finished-at="2020-07-21T17:09:02Z">
          <reporter-output>
          </reporter-output>
        </test-method> <!-- test -->
      </class> <!-- testscripts.TC003_PUT_UpdateDetails -->
      <class name="testscripts.TC002_POST">
        <test-method status="PASS" signature="test()[pri:0, instance:testscripts.TC002_POST@1fa1d9b]" name="test" duration-ms="1043" started-at="2020-07-21T17:09:02Z" finished-at="2020-07-21T17:09:03Z">
          <reporter-output>
          </reporter-output>
        </test-method> <!-- test -->
      </class> <!-- testscripts.TC002_POST -->
    </test> <!-- Test -->
  </suite> <!-- Suite -->
</testng-results>
