<?xml version="1.0" encoding="UTF-8"?>
<testng-results skipped="0" failed="0" total="1" passed="1">
  <reporter-output>
  </reporter-output>
  <suite name="Default suite" duration-ms="10341" started-at="2020-10-09T07:14:53Z" finished-at="2020-10-09T07:15:04Z">
    <groups>
    </groups>
    <test name="Default test" duration-ms="10341" started-at="2020-10-09T07:14:53Z" finished-at="2020-10-09T07:15:04Z">
      <class name="testscripts.TC001_GET">
        <test-method status="PASS" signature="test1()[pri:0, instance:testscripts.TC001_GET@feb3fa]" name="test1" duration-ms="10270" started-at="2020-10-09T12:44:53Z" finished-at="2020-10-09T12:45:04Z">
          <reporter-output>
          </reporter-output>
        </test-method> <!-- test1 -->
      </class> <!-- testscripts.TC001_GET -->
    </test> <!-- Default test -->
  </suite> <!-- Default suite -->
</testng-results>
